2026-02-03T19:55:29.351+05:00  INFO 28128 --- [homework-assistant-bot] [main] r.a.bot.HomeworkAssistantBotApplication  : Starting HomeworkAssistantBotApplication using Java 21.0.5 with PID 28128 (C:\Users\agent\IdeaProjects\assistant-bot\bot\target\classes started by agent in C:\Users\agent\IdeaProjects\assistant-bot\bot)
2026-02-03T19:55:29.351+05:00 DEBUG 28128 --- [homework-assistant-bot] [main] r.a.bot.HomeworkAssistantBotApplication  : Running with Spring Boot v3.4.4, Spring v6.2.5
2026-02-03T19:55:29.351+05:00  INFO 28128 --- [homework-assistant-bot] [main] r.a.bot.HomeworkAssistantBotApplication  : No active profile set, falling back to 1 default profile: "default"
2026-02-03T19:55:30.056+05:00  INFO 28128 --- [homework-assistant-bot] [main] .s.d.r.c.RepositoryConfigurationDelegate : Multiple Spring Data modules found, entering strict repository configuration mode
2026-02-03T19:55:30.059+05:00  INFO 28128 --- [homework-assistant-bot] [main] .s.d.r.c.RepositoryConfigurationDelegate : Bootstrapping Spring Data JPA repositories in DEFAULT mode.
2026-02-03T19:55:30.240+05:00  INFO 28128 --- [homework-assistant-bot] [main] .s.d.r.c.RepositoryConfigurationDelegate : Finished Spring Data repository scanning in 174 ms. Found 7 JPA repository interfaces.
2026-02-03T19:55:30.272+05:00  INFO 28128 --- [homework-assistant-bot] [main] .s.d.r.c.RepositoryConfigurationDelegate : Multiple Spring Data modules found, entering strict repository configuration mode
2026-02-03T19:55:30.273+05:00  INFO 28128 --- [homework-assistant-bot] [main] .s.d.r.c.RepositoryConfigurationDelegate : Bootstrapping Spring Data Redis repositories in DEFAULT mode.
2026-02-03T19:55:30.287+05:00  INFO 28128 --- [homework-assistant-bot] [main] .RepositoryConfigurationExtensionSupport : Spring Data Redis - Could not safely identify store assignment for repository candidate interface ru.assistant.bot.repository.ActivityLogRepository; If you want this repository to be a Redis repository, consider annotating your entities with one of these annotations: org.springframework.data.redis.core.RedisHash (preferred), or consider extending one of the following types with your repository: org.springframework.data.keyvalue.repository.KeyValueRepository
2026-02-03T19:55:30.287+05:00  INFO 28128 --- [homework-assistant-bot] [main] .RepositoryConfigurationExtensionSupport : Spring Data Redis - Could not safely identify store assignment for repository candidate interface ru.assistant.bot.repository.AdminRepository; If you want this repository to be a Redis repository, consider annotating your entities with one of these annotations: org.springframework.data.redis.core.RedisHash (preferred), or consider extending one of the following types with your repository: org.springframework.data.keyvalue.repository.KeyValueRepository
2026-02-03T19:55:30.287+05:00  INFO 28128 --- [homework-assistant-bot] [main] .RepositoryConfigurationExtensionSupport : Spring Data Redis - Could not safely identify store assignment for repository candidate interface ru.assistant.bot.repository.AssignmentRepository; If you want this repository to be a Redis repository, consider annotating your entities with one of these annotations: org.springframework.data.redis.core.RedisHash (preferred), or consider extending one of the following types with your repository: org.springframework.data.keyvalue.repository.KeyValueRepository
2026-02-03T19:55:30.289+05:00  INFO 28128 --- [homework-assistant-bot] [main] .RepositoryConfigurationExtensionSupport : Spring Data Redis - Could not safely identify store assignment for repository candidate interface ru.assistant.bot.repository.CourseRepository; If you want this repository to be a Redis repository, consider annotating your entities with one of these annotations: org.springframework.data.redis.core.RedisHash (preferred), or consider extending one of the following types with your repository: org.springframework.data.keyvalue.repository.KeyValueRepository
2026-02-03T19:55:30.289+05:00  INFO 28128 --- [homework-assistant-bot] [main] .RepositoryConfigurationExtensionSupport : Spring Data Redis - Could not safely identify store assignment for repository candidate interface ru.assistant.bot.repository.StudentProgressRepository; If you want this repository to be a Redis repository, consider annotating your entities with one of these annotations: org.springframework.data.redis.core.RedisHash (preferred), or consider extending one of the following types with your repository: org.springframework.data.keyvalue.repository.KeyValueRepository
2026-02-03T19:55:30.289+05:00  INFO 28128 --- [homework-assistant-bot] [main] .RepositoryConfigurationExtensionSupport : Spring Data Redis - Could not safely identify store assignment for repository candidate interface ru.assistant.bot.repository.StudentRepository; If you want this repository to be a Redis repository, consider annotating your entities with one of these annotations: org.springframework.data.redis.core.RedisHash (preferred), or consider extending one of the following types with your repository: org.springframework.data.keyvalue.repository.KeyValueRepository
2026-02-03T19:55:30.289+05:00  INFO 28128 --- [homework-assistant-bot] [main] .RepositoryConfigurationExtensionSupport : Spring Data Redis - Could not safely identify store assignment for repository candidate interface ru.assistant.bot.repository.SubmissionRepository; If you want this repository to be a Redis repository, consider annotating your entities with one of these annotations: org.springframework.data.redis.core.RedisHash (preferred), or consider extending one of the following types with your repository: org.springframework.data.keyvalue.repository.KeyValueRepository
2026-02-03T19:55:30.291+05:00  INFO 28128 --- [homework-assistant-bot] [main] .s.d.r.c.RepositoryConfigurationDelegate : Finished Spring Data repository scanning in 9 ms. Found 0 Redis repository interfaces.
2026-02-03T19:55:30.822+05:00  INFO 28128 --- [homework-assistant-bot] [main] o.s.b.w.embedded.tomcat.TomcatWebServer  : Tomcat initialized with port 8080 (http)
2026-02-03T19:55:30.850+05:00  INFO 28128 --- [homework-assistant-bot] [main] o.apache.catalina.core.StandardService   : Starting service [Tomcat]
2026-02-03T19:55:30.850+05:00  INFO 28128 --- [homework-assistant-bot] [main] o.apache.catalina.core.StandardEngine    : Starting Servlet engine: [Apache Tomcat/10.1.39]
2026-02-03T19:55:30.953+05:00  INFO 28128 --- [homework-assistant-bot] [main] o.a.c.c.C.[Tomcat].[localhost].[/]       : Initializing Spring embedded WebApplicationContext
2026-02-03T19:55:30.953+05:00  INFO 28128 --- [homework-assistant-bot] [main] w.s.c.ServletWebServerApplicationContext : Root WebApplicationContext: initialization completed in 1561 ms
2026-02-03T19:55:31.128+05:00  INFO 28128 --- [homework-assistant-bot] [main] com.zaxxer.hikari.HikariDataSource       : HikariPool-1 - Starting...
2026-02-03T19:55:31.310+05:00  INFO 28128 --- [homework-assistant-bot] [main] com.zaxxer.hikari.pool.HikariPool        : HikariPool-1 - Added connection org.postgresql.jdbc.PgConnection@3962ec84
2026-02-03T19:55:31.314+05:00  INFO 28128 --- [homework-assistant-bot] [main] com.zaxxer.hikari.HikariDataSource       : HikariPool-1 - Start completed.
2026-02-03T19:55:31.474+05:00  INFO 28128 --- [homework-assistant-bot] [main] liquibase.database                       : Set default schema name to public
2026-02-03T19:55:31.743+05:00  INFO 28128 --- [homework-assistant-bot] [main] liquibase.changelog                      : Reading from public.databasechangelog
2026-02-03T19:55:31.776+05:00  INFO 28128 --- [homework-assistant-bot] [main] liquibase.ui                             : Database is up to date, no changesets to execute
2026-02-03T19:55:31.778+05:00  INFO 28128 --- [homework-assistant-bot] [main] liquibase.changelog                      : Reading from public.databasechangelog
2026-02-03T19:55:31.784+05:00  INFO 28128 --- [homework-assistant-bot] [main] liquibase.util                           : UPDATE SUMMARY
2026-02-03T19:55:31.784+05:00  INFO 28128 --- [homework-assistant-bot] [main] liquibase.util                           : Run:                          0
2026-02-03T19:55:31.784+05:00  INFO 28128 --- [homework-assistant-bot] [main] liquibase.util                           : Previously run:               1
2026-02-03T19:55:31.784+05:00  INFO 28128 --- [homework-assistant-bot] [main] liquibase.util                           : Filtered out:                 0
2026-02-03T19:55:31.785+05:00  INFO 28128 --- [homework-assistant-bot] [main] liquibase.util                           : -------------------------------
2026-02-03T19:55:31.785+05:00  INFO 28128 --- [homework-assistant-bot] [main] liquibase.util                           : Total change sets:            1
2026-02-03T19:55:31.785+05:00  INFO 28128 --- [homework-assistant-bot] [main] liquibase.util                           : Update summary generated
2026-02-03T19:55:31.786+05:00  INFO 28128 --- [homework-assistant-bot] [main] liquibase.command                        : Command execution complete
2026-02-03T19:55:31.829+05:00  INFO 28128 --- [homework-assistant-bot] [main] o.hibernate.jpa.internal.util.LogHelper  : HHH000204: Processing PersistenceUnitInfo [name: default]
2026-02-03T19:55:31.883+05:00  INFO 28128 --- [homework-assistant-bot] [main] org.hibernate.Version                    : HHH000412: Hibernate ORM core version 6.6.11.Final
2026-02-03T19:55:31.899+05:00  INFO 28128 --- [homework-assistant-bot] [main] o.h.c.internal.RegionFactoryInitiator    : HHH000026: Second-level cache disabled
2026-02-03T19:55:31.991+05:00 DEBUG 28128 --- [homework-assistant-bot] [main] org.hibernate.type.BasicTypeRegistry     : Adding type registration boolean -> org.hibernate.type.BasicTypeReference@5366575d
2026-02-03T19:55:31.991+05:00 DEBUG 28128 --- [homework-assistant-bot] [main] org.hibernate.type.BasicTypeRegistry     : Adding type registration boolean -> org.hibernate.type.BasicTypeReference@5366575d
2026-02-03T19:55:31.991+05:00 DEBUG 28128 --- [homework-assistant-bot] [main] org.hibernate.type.BasicTypeRegistry     : Adding type registration java.lang.Boolean -> org.hibernate.type.BasicTypeReference@5366575d
2026-02-03T19:55:31.991+05:00 DEBUG 28128 --- [homework-assistant-bot] [main] org.hibernate.type.BasicTypeRegistry     : Adding type registration numeric_boolean -> org.hibernate.type.BasicTypeReference@1b6cad77
2026-02-03T19:55:31.991+05:00 DEBUG 28128 --- [homework-assistant-bot] [main] org.hibernate.type.BasicTypeRegistry     : Adding type registration org.hibernate.type.NumericBooleanConverter -> org.hibernate.type.BasicTypeReference@1b6cad77
2026-02-03T19:55:31.991+05:00 DEBUG 28128 --- [homework-assistant-bot] [main] org.hibernate.type.BasicTypeRegistry     : Adding type registration true_false -> org.hibernate.type.BasicTypeReference@1fca53a7
2026-02-03T19:55:31.999+05:00 DEBUG 28128 --- [homework-assistant-bot] [main] org.hibernate.type.BasicTypeRegistry     : Adding type registration org.hibernate.type.TrueFalseConverter -> org.hibernate.type.BasicTypeReference@1fca53a7
2026-02-03T19:55:31.999+05:00 DEBUG 28128 --- [homework-assistant-bot] [main] org.hibernate.type.BasicTypeRegistry     : Adding type registration yes_no -> org.hibernate.type.BasicTypeReference@40dee07b
2026-02-03T19:55:31.999+05:00 DEBUG 28128 --- [homework-assistant-bot] [main] org.hibernate.type.BasicTypeRegistry     : Adding type registration org.hibernate.type.YesNoConverter -> org.hibernate.type.BasicTypeReference@40dee07b
2026-02-03T19:55:31.999+05:00 DEBUG 28128 --- [homework-assistant-bot] [main] org.hibernate.type.BasicTypeRegistry     : Adding type registration byte -> org.hibernate.type.BasicTypeReference@21e39b82
2026-02-03T19:55:31.999+05:00 DEBUG 28128 --- [homework-assistant-bot] [main] org.hibernate.type.BasicTypeRegistry     : Adding type registration byte -> org.hibernate.type.BasicTypeReference@21e39b82
2026-02-03T19:55:31.999+05:00 DEBUG 28128 --- [homework-assistant-bot] [main] org.hibernate.type.BasicTypeRegistry     : Adding type registration java.lang.Byte -> org.hibernate.type.BasicTypeReference@21e39b82
2026-02-03T19:55:31.999+05:00 DEBUG 28128 --- [homework-assistant-bot] [main] org.hibernate.type.BasicTypeRegistry     : Adding type registration binary -> org.hibernate.type.BasicTypeReference@5f9a8ddc
2026-02-03T19:55:31.999+05:00 DEBUG 28128 --- [homework-assistant-bot] [main] org.hibernate.type.BasicTypeRegistry     : Adding type registration byte[] -> org.hibernate.type.BasicTypeReference@5f9a8ddc
2026-02-03T19:55:31.999+05:00 DEBUG 28128 --- [homework-assistant-bot] [main] org.hibernate.type.BasicTypeRegistry     : Adding type registration [B -> org.hibernate.type.BasicTypeReference@5f9a8ddc
2026-02-03T19:55:31.999+05:00 DEBUG 28128 --- [homework-assistant-bot] [main] org.hibernate.type.BasicTypeRegistry     : Adding type registration binary_wrapper -> org.hibernate.type.BasicTypeReference@1280bae3
2026-02-03T19:55:31.999+05:00 DEBUG 28128 --- [homework-assistant-bot] [main] org.hibernate.type.BasicTypeRegistry     : Adding type registration wrapper-binary -> org.hibernate.type.BasicTypeReference@1280bae3
2026-02-03T19:55:31.999+05:00 DEBUG 28128 --- [homework-assistant-bot] [main] org.hibernate.type.BasicTypeRegistry     : Adding type registration image -> org.hibernate.type.BasicTypeReference@256a5df0
2026-02-03T19:55:31.999+05:00 DEBUG 28128 --- [homework-assistant-bot] [main] org.hibernate.type.BasicTypeRegistry     : Adding type registration blob -> org.hibernate.type.BasicTypeReference@1868ed54
2026-02-03T19:55:31.999+05:00 DEBUG 28128 --- [homework-assistant-bot] [main] org.hibernate.type.BasicTypeRegistry     : Adding type registration java.sql.Blob -> org.hibernate.type.BasicTypeReference@1868ed54
2026-02-03T19:55:31.999+05:00 DEBUG 28128 --- [homework-assistant-bot] [main] org.hibernate.type.BasicTypeRegistry     : Adding type registration materialized_blob -> org.hibernate.type.BasicTypeReference@131777e8
2026-02-03T19:55:31.999+05:00 DEBUG 28128 --- [homework-assistant-bot] [main] org.hibernate.type.BasicTypeRegistry     : Adding type registration materialized_blob_wrapper -> org.hibernate.type.BasicTypeReference@45790cb
2026-02-03T19:55:31.999+05:00 DEBUG 28128 --- [homework-assistant-bot] [main] org.hibernate.type.BasicTypeRegistry     : Adding type registration short -> org.hibernate.type.BasicTypeReference@73a5d86c
2026-02-03T19:55:31.999+05:00 DEBUG 28128 --- [homework-assistant-bot] [main] org.hibernate.type.BasicTypeRegistry     : Adding type registration short -> org.hibernate.type.BasicTypeReference@73a5d86c
2026-02-03T19:55:31.999+05:00 DEBUG 28128 --- [homework-assistant-bot] [main] org.hibernate.type.BasicTypeRegistry     : Adding type registration java.lang.Short -> org.hibernate.type.BasicTypeReference@73a5d86c
2026-02-03T19:55:31.999+05:00 DEBUG 28128 --- [homework-assistant-bot] [main] org.hibernate.type.BasicTypeRegistry     : Adding type registration integer -> org.hibernate.type.BasicTypeReference@2cf88901
2026-02-03T19:55:31.999+05:00 DEBUG 28128 --- [homework-assistant-bot] [main] org.hibernate.type.BasicTypeRegistry     : Adding type registration int -> org.hibernate.type.BasicTypeReference@2cf88901
2026-02-03T19:55:31.999+05:00 DEBUG 28128 --- [homework-assistant-bot] [main] org.hibernate.type.BasicTypeRegistry     : Adding type registration java.lang.Integer -> org.hibernate.type.BasicTypeReference@2cf88901
2026-02-03T19:55:31.999+05:00 DEBUG 28128 --- [homework-assistant-bot] [main] org.hibernate.type.BasicTypeRegistry     : Adding type registration long -> org.hibernate.type.BasicTypeReference@4780341
2026-02-03T19:55:31.999+05:00 DEBUG 28128 --- [homework-assistant-bot] [main] org.hibernate.type.BasicTypeRegistry     : Adding type registration long -> org.hibernate.type.BasicTypeReference@4780341
2026-02-03T19:55:31.999+05:00 DEBUG 28128 --- [homework-assistant-bot] [main] org.hibernate.type.BasicTypeRegistry     : Adding type registration java.lang.Long -> org.hibernate.type.BasicTypeReference@4780341
2026-02-03T19:55:31.999+05:00 DEBUG 28128 --- [homework-assistant-bot] [main] org.hibernate.type.BasicTypeRegistry     : Adding type registration float -> org.hibernate.type.BasicTypeReference@3c910acd
2026-02-03T19:55:31.999+05:00 DEBUG 28128 --- [homework-assistant-bot] [main] org.hibernate.type.BasicTypeRegistry     : Adding type registration float -> org.hibernate.type.BasicTypeReference@3c910acd
2026-02-03T19:55:31.999+05:00 DEBUG 28128 --- [homework-assistant-bot] [main] org.hibernate.type.BasicTypeRegistry     : Adding type registration java.lang.Float -> org.hibernate.type.BasicTypeReference@3c910acd
2026-02-03T19:55:31.999+05:00 DEBUG 28128 --- [homework-assistant-bot] [main] org.hibernate.type.BasicTypeRegistry     : Adding type registration double -> org.hibernate.type.BasicTypeReference@612ac38b
2026-02-03T19:55:31.999+05:00 DEBUG 28128 --- [homework-assistant-bot] [main] org.hibernate.type.BasicTypeRegistry     : Adding type registration double -> org.hibernate.type.BasicTypeReference@612ac38b
2026-02-03T19:55:31.999+05:00 DEBUG 28128 --- [homework-assistant-bot] [main] org.hibernate.type.BasicTypeRegistry     : Adding type registration java.lang.Double -> org.hibernate.type.BasicTypeReference@612ac38b
2026-02-03T19:55:31.999+05:00 DEBUG 28128 --- [homework-assistant-bot] [main] org.hibernate.type.BasicTypeRegistry     : Adding type registration big_integer -> org.hibernate.type.BasicTypeReference@9f2fe2e
2026-02-03T19:55:31.999+05:00 DEBUG 28128 --- [homework-assistant-bot] [main] org.hibernate.type.BasicTypeRegistry     : Adding type registration java.math.BigInteger -> org.hibernate.type.BasicTypeReference@9f2fe2e
2026-02-03T19:55:31.999+05:00 DEBUG 28128 --- [homework-assistant-bot] [main] org.hibernate.type.BasicTypeRegistry     : Adding type registration big_decimal -> org.hibernate.type.BasicTypeReference@4dd4965a
2026-02-03T19:55:31.999+05:00 DEBUG 28128 --- [homework-assistant-bot] [main] org.hibernate.type.BasicTypeRegistry     : Adding type registration java.math.BigDecimal -> org.hibernate.type.BasicTypeReference@4dd4965a
2026-02-03T19:55:31.999+05:00 DEBUG 28128 --- [homework-assistant-bot] [main] org.hibernate.type.BasicTypeRegistry     : Adding type registration character -> org.hibernate.type.BasicTypeReference@79273a4f
2026-02-03T19:55:31.999+05:00 DEBUG 28128 --- [homework-assistant-bot] [main] org.hibernate.type.BasicTypeRegistry     : Adding type registration char -> org.hibernate.type.BasicTypeReference@79273a4f
2026-02-03T19:55:31.999+05:00 DEBUG 28128 --- [homework-assistant-bot] [main] org.hibernate.type.BasicTypeRegistry     : Adding type registration java.lang.Character -> org.hibernate.type.BasicTypeReference@79273a4f
2026-02-03T19:55:31.999+05:00 DEBUG 28128 --- [homework-assistant-bot] [main] org.hibernate.type.BasicTypeRegistry     : Adding type registration character_nchar -> org.hibernate.type.BasicTypeReference@4e26987b
2026-02-03T19:55:31.999+05:00 DEBUG 28128 --- [homework-assistant-bot] [main] org.hibernate.type.BasicTypeRegistry     : Adding type registration string -> org.hibernate.type.BasicTypeReference@50bb1c1f
2026-02-03T19:55:31.999+05:00 DEBUG 28128 --- [homework-assistant-bot] [main] org.hibernate.type.BasicTypeRegistry     : Adding type registration java.lang.String -> org.hibernate.type.BasicTypeReference@50bb1c1f
2026-02-03T19:55:31.999+05:00 DEBUG 28128 --- [homework-assistant-bot] [main] org.hibernate.type.BasicTypeRegistry     : Adding type registration nstring -> org.hibernate.type.BasicTypeReference@39342614
2026-02-03T19:55:31.999+05:00 DEBUG 28128 --- [homework-assistant-bot] [main] org.hibernate.type.BasicTypeRegistry     : Adding type registration characters -> org.hibernate.type.BasicTypeReference@7981963f
2026-02-03T19:55:31.999+05:00 DEBUG 28128 --- [homework-assistant-bot] [main] org.hibernate.type.BasicTypeRegistry     : Adding type registration char[] -> org.hibernate.type.BasicTypeReference@7981963f
2026-02-03T19:55:31.999+05:00 DEBUG 28128 --- [homework-assistant-bot] [main] org.hibernate.type.BasicTypeRegistry     : Adding type registration [C -> org.hibernate.type.BasicTypeReference@7981963f
2026-02-03T19:55:31.999+05:00 DEBUG 28128 --- [homework-assistant-bot] [main] org.hibernate.type.BasicTypeRegistry     : Adding type registration wrapper-characters -> org.hibernate.type.BasicTypeReference@31e3c34
2026-02-03T19:55:31.999+05:00 DEBUG 28128 --- [homework-assistant-bot] [main] org.hibernate.type.BasicTypeRegistry     : Adding type registration text -> org.hibernate.type.BasicTypeReference@b4d83ac
2026-02-03T19:55:31.999+05:00 DEBUG 28128 --- [homework-assistant-bot] [main] org.hibernate.type.BasicTypeRegistry     : Adding type registration ntext -> org.hibernate.type.BasicTypeReference@13d10057
2026-02-03T19:55:31.999+05:00 DEBUG 28128 --- [homework-assistant-bot] [main] org.hibernate.type.BasicTypeRegistry     : Adding type registration clob -> org.hibernate.type.BasicTypeReference@66944c7c
2026-02-03T19:55:31.999+05:00 DEBUG 28128 --- [homework-assistant-bot] [main] org.hibernate.type.BasicTypeRegistry     : Adding type registration java.sql.Clob -> org.hibernate.type.BasicTypeReference@66944c7c
2026-02-03T19:55:31.999+05:00 DEBUG 28128 --- [homework-assistant-bot] [main] org.hibernate.type.BasicTypeRegistry     : Adding type registration nclob -> org.hibernate.type.BasicTypeReference@14993306
2026-02-03T19:55:31.999+05:00 DEBUG 28128 --- [homework-assistant-bot] [main] org.hibernate.type.BasicTypeRegistry     : Adding type registration java.sql.NClob -> org.hibernate.type.BasicTypeReference@14993306
2026-02-03T19:55:31.999+05:00 DEBUG 28128 --- [homework-assistant-bot] [main] org.hibernate.type.BasicTypeRegistry     : Adding type registration materialized_clob -> org.hibernate.type.BasicTypeReference@73ae82da
2026-02-03T19:55:31.999+05:00 DEBUG 28128 --- [homework-assistant-bot] [main] org.hibernate.type.BasicTypeRegistry     : Adding type registration materialized_clob_char_array -> org.hibernate.type.BasicTypeReference@6866e740
2026-02-03T19:55:31.999+05:00 DEBUG 28128 --- [homework-assistant-bot] [main] org.hibernate.type.BasicTypeRegistry     : Adding type registration materialized_clob_character_array -> org.hibernate.type.BasicTypeReference@2cd5b19c
2026-02-03T19:55:31.999+05:00 DEBUG 28128 --- [homework-assistant-bot] [main] org.hibernate.type.BasicTypeRegistry     : Adding type registration materialized_nclob -> org.hibernate.type.BasicTypeReference@7109b603
2026-02-03T19:55:31.999+05:00 DEBUG 28128 --- [homework-assistant-bot] [main] org.hibernate.type.BasicTypeRegistry     : Adding type registration materialized_nclob_character_array -> org.hibernate.type.BasicTypeReference@76b642aa
2026-02-03T19:55:31.999+05:00 DEBUG 28128 --- [homework-assistant-bot] [main] org.hibernate.type.BasicTypeRegistry     : Adding type registration materialized_nclob_char_array -> org.hibernate.type.BasicTypeReference@29b5e7db
2026-02-03T19:55:31.999+05:00 DEBUG 28128 --- [homework-assistant-bot] [main] org.hibernate.type.BasicTypeRegistry     : Adding type registration Duration -> org.hibernate.type.BasicTypeReference@286dfa20
2026-02-03T19:55:31.999+05:00 DEBUG 28128 --- [homework-assistant-bot] [main] org.hibernate.type.BasicTypeRegistry     : Adding type registration java.time.Duration -> org.hibernate.type.BasicTypeReference@286dfa20
2026-02-03T19:55:31.999+05:00 DEBUG 28128 --- [homework-assistant-bot] [main] org.hibernate.type.BasicTypeRegistry     : Adding type registration LocalDateTime -> org.hibernate.type.BasicTypeReference@1468e880
2026-02-03T19:55:31.999+05:00 DEBUG 28128 --- [homework-assistant-bot] [main] org.hibernate.type.BasicTypeRegistry     : Adding type registration java.time.LocalDateTime -> org.hibernate.type.BasicTypeReference@1468e880
2026-02-03T19:55:31.999+05:00 DEBUG 28128 --- [homework-assistant-bot] [main] org.hibernate.type.BasicTypeRegistry     : Adding type registration LocalDate -> org.hibernate.type.BasicTypeReference@508f4bb5
2026-02-03T19:55:31.999+05:00 DEBUG 28128 --- [homework-assistant-bot] [main] org.hibernate.type.BasicTypeRegistry     : Adding type registration java.time.LocalDate -> org.hibernate.type.BasicTypeReference@508f4bb5
2026-02-03T19:55:31.999+05:00 DEBUG 28128 --- [homework-assistant-bot] [main] org.hibernate.type.BasicTypeRegistry     : Adding type registration LocalTime -> org.hibernate.type.BasicTypeReference@5602e540
2026-02-03T19:55:31.999+05:00 DEBUG 28128 --- [homework-assistant-bot] [main] org.hibernate.type.BasicTypeRegistry     : Adding type registration java.time.LocalTime -> org.hibernate.type.BasicTypeReference@5602e540
2026-02-03T19:55:31.999+05:00 DEBUG 28128 --- [homework-assistant-bot] [main] org.hibernate.type.BasicTypeRegistry     : Adding type registration OffsetDateTime -> org.hibernate.type.BasicTypeReference@11f9b95a
2026-02-03T19:55:31.999+05:00 DEBUG 28128 --- [homework-assistant-bot] [main] org.hibernate.type.BasicTypeRegistry     : Adding type registration java.time.OffsetDateTime -> org.hibernate.type.BasicTypeReference@11f9b95a
2026-02-03T19:55:31.999+05:00 DEBUG 28128 --- [homework-assistant-bot] [main] org.hibernate.type.BasicTypeRegistry     : Adding type registration OffsetDateTimeWithTimezone -> org.hibernate.type.BasicTypeReference@42066f0d
2026-02-03T19:55:31.999+05:00 DEBUG 28128 --- [homework-assistant-bot] [main] org.hibernate.type.BasicTypeRegistry     : Adding type registration OffsetDateTimeWithoutTimezone -> org.hibernate.type.BasicTypeReference@687e561b
2026-02-03T19:55:31.999+05:00 DEBUG 28128 --- [homework-assistant-bot] [main] org.hibernate.type.BasicTypeRegistry     : Adding type registration OffsetTime -> org.hibernate.type.BasicTypeReference@299786b1
2026-02-03T19:55:31.999+05:00 DEBUG 28128 --- [homework-assistant-bot] [main] org.hibernate.type.BasicTypeRegistry     : Adding type registration java.time.OffsetTime -> org.hibernate.type.BasicTypeReference@299786b1
2026-02-03T19:55:31.999+05:00 DEBUG 28128 --- [homework-assistant-bot] [main] org.hibernate.type.BasicTypeRegistry     : Adding type registration OffsetTimeUtc -> org.hibernate.type.BasicTypeReference@75f8d9b0
2026-02-03T19:55:31.999+05:00 DEBUG 28128 --- [homework-assistant-bot] [main] org.hibernate.type.BasicTypeRegistry     : Adding type registration OffsetTimeWithTimezone -> org.hibernate.type.BasicTypeReference@4f7ae05
2026-02-03T19:55:31.999+05:00 DEBUG 28128 --- [homework-assistant-bot] [main] org.hibernate.type.BasicTypeRegistry     : Adding type registration OffsetTimeWithoutTimezone -> org.hibernate.type.BasicTypeReference@1e23ee0e
2026-02-03T19:55:31.999+05:00 DEBUG 28128 --- [homework-assistant-bot] [main] org.hibernate.type.BasicTypeRegistry     : Adding type registration ZonedDateTime -> org.hibernate.type.BasicTypeReference@b144175
2026-02-03T19:55:31.999+05:00 DEBUG 28128 --- [homework-assistant-bot] [main] org.hibernate.type.BasicTypeRegistry     : Adding type registration java.time.ZonedDateTime -> org.hibernate.type.BasicTypeReference@b144175
2026-02-03T19:55:31.999+05:00 DEBUG 28128 --- [homework-assistant-bot] [main] org.hibernate.type.BasicTypeRegistry     : Adding type registration ZonedDateTimeWithTimezone -> org.hibernate.type.BasicTypeReference@38923cfe
2026-02-03T19:55:31.999+05:00 DEBUG 28128 --- [homework-assistant-bot] [main] org.hibernate.type.BasicTypeRegistry     : Adding type registration ZonedDateTimeWithoutTimezone -> org.hibernate.type.BasicTypeReference@1ac3a6f
2026-02-03T19:55:31.999+05:00 DEBUG 28128 --- [homework-assistant-bot] [main] org.hibernate.type.BasicTypeRegistry     : Adding type registration date -> org.hibernate.type.BasicTypeReference@fee7ca
2026-02-03T19:55:31.999+05:00 DEBUG 28128 --- [homework-assistant-bot] [main] org.hibernate.type.BasicTypeRegistry     : Adding type registration java.sql.Date -> org.hibernate.type.BasicTypeReference@fee7ca
2026-02-03T19:55:31.999+05:00 DEBUG 28128 --- [homework-assistant-bot] [main] org.hibernate.type.BasicTypeRegistry     : Adding type registration time -> org.hibernate.type.BasicTypeReference@29c80149
2026-02-03T19:55:31.999+05:00 DEBUG 28128 --- [homework-assistant-bot] [main] org.hibernate.type.BasicTypeRegistry     : Adding type registration java.sql.Time -> org.hibernate.type.BasicTypeReference@29c80149
2026-02-03T19:55:31.999+05:00 DEBUG 28128 --- [homework-assistant-bot] [main] org.hibernate.type.BasicTypeRegistry     : Adding type registration timestamp -> org.hibernate.type.BasicTypeReference@14ad42
2026-02-03T19:55:31.999+05:00 DEBUG 28128 --- [homework-assistant-bot] [main] org.hibernate.type.BasicTypeRegistry     : Adding type registration java.sql.Timestamp -> org.hibernate.type.BasicTypeReference@14ad42
2026-02-03T19:55:32.013+05:00 DEBUG 28128 --- [homework-assistant-bot] [main] org.hibernate.type.BasicTypeRegistry     : Adding type registration java.util.Date -> org.hibernate.type.BasicTypeReference@14ad42
2026-02-03T19:55:32.013+05:00 DEBUG 28128 --- [homework-assistant-bot] [main] org.hibernate.type.BasicTypeRegistry     : Adding type registration calendar -> org.hibernate.type.BasicTypeReference@608b906d
2026-02-03T19:55:32.013+05:00 DEBUG 28128 --- [homework-assistant-bot] [main] org.hibernate.type.BasicTypeRegistry     : Adding type registration java.util.Calendar -> org.hibernate.type.BasicTypeReference@608b906d
2026-02-03T19:55:32.014+05:00 DEBUG 28128 --- [homework-assistant-bot] [main] org.hibernate.type.BasicTypeRegistry     : Adding type registration java.util.GregorianCalendar -> org.hibernate.type.BasicTypeReference@608b906d
2026-02-03T19:55:32.014+05:00 DEBUG 28128 --- [homework-assistant-bot] [main] org.hibernate.type.BasicTypeRegistry     : Adding type registration calendar_date -> org.hibernate.type.BasicTypeReference@173cfb01
2026-02-03T19:55:32.014+05:00 DEBUG 28128 --- [homework-assistant-bot] [main] org.hibernate.type.BasicTypeRegistry     : Adding type registration calendar_time -> org.hibernate.type.BasicTypeReference@7e1762e6
2026-02-03T19:55:32.014+05:00 DEBUG 28128 --- [homework-assistant-bot] [main] org.hibernate.type.BasicTypeRegistry     : Adding type registration instant -> org.hibernate.type.BasicTypeReference@5bccaedb
2026-02-03T19:55:32.014+05:00 DEBUG 28128 --- [homework-assistant-bot] [main] org.hibernate.type.BasicTypeRegistry     : Adding type registration java.time.Instant -> org.hibernate.type.BasicTypeReference@5bccaedb
2026-02-03T19:55:32.014+05:00 DEBUG 28128 --- [homework-assistant-bot] [main] org.hibernate.type.BasicTypeRegistry     : Adding type registration uuid -> org.hibernate.type.BasicTypeReference@67784537
2026-02-03T19:55:32.015+05:00 DEBUG 28128 --- [homework-assistant-bot] [main] org.hibernate.type.BasicTypeRegistry     : Adding type registration java.util.UUID -> org.hibernate.type.BasicTypeReference@67784537
2026-02-03T19:55:32.015+05:00 DEBUG 28128 --- [homework-assistant-bot] [main] org.hibernate.type.BasicTypeRegistry     : Adding type registration pg-uuid -> org.hibernate.type.BasicTypeReference@67784537
2026-02-03T19:55:32.015+05:00 DEBUG 28128 --- [homework-assistant-bot] [main] org.hibernate.type.BasicTypeRegistry     : Adding type registration uuid-binary -> org.hibernate.type.BasicTypeReference@17ec5e2a
2026-02-03T19:55:32.015+05:00 DEBUG 28128 --- [homework-assistant-bot] [main] org.hibernate.type.BasicTypeRegistry     : Adding type registration uuid-char -> org.hibernate.type.BasicTypeReference@52290e63
2026-02-03T19:55:32.015+05:00 DEBUG 28128 --- [homework-assistant-bot] [main] org.hibernate.type.BasicTypeRegistry     : Adding type registration class -> org.hibernate.type.BasicTypeReference@6c2dd88b
2026-02-03T19:55:32.015+05:00 DEBUG 28128 --- [homework-assistant-bot] [main] org.hibernate.type.BasicTypeRegistry     : Adding type registration java.lang.Class -> org.hibernate.type.BasicTypeReference@6c2dd88b
2026-02-03T19:55:32.015+05:00 DEBUG 28128 --- [homework-assistant-bot] [main] org.hibernate.type.BasicTypeRegistry     : Adding type registration currency -> org.hibernate.type.BasicTypeReference@49d979c4
2026-02-03T19:55:32.015+05:00 DEBUG 28128 --- [homework-assistant-bot] [main] org.hibernate.type.BasicTypeRegistry     : Adding type registration Currency -> org.hibernate.type.BasicTypeReference@49d979c4
2026-02-03T19:55:32.015+05:00 DEBUG 28128 --- [homework-assistant-bot] [main] org.hibernate.type.BasicTypeRegistry     : Adding type registration java.util.Currency -> org.hibernate.type.BasicTypeReference@49d979c4
2026-02-03T19:55:32.015+05:00 DEBUG 28128 --- [homework-assistant-bot] [main] org.hibernate.type.BasicTypeRegistry     : Adding type registration locale -> org.hibernate.type.BasicTypeReference@3cb173db
2026-02-03T19:55:32.015+05:00 DEBUG 28128 --- [homework-assistant-bot] [main] org.hibernate.type.BasicTypeRegistry     : Adding type registration java.util.Locale -> org.hibernate.type.BasicTypeReference@3cb173db
2026-02-03T19:55:32.015+05:00 DEBUG 28128 --- [homework-assistant-bot] [main] org.hibernate.type.BasicTypeRegistry     : Adding type registration serializable -> org.hibernate.type.BasicTypeReference@26712838
2026-02-03T19:55:32.015+05:00 DEBUG 28128 --- [homework-assistant-bot] [main] org.hibernate.type.BasicTypeRegistry     : Adding type registration java.io.Serializable -> org.hibernate.type.BasicTypeReference@26712838
2026-02-03T19:55:32.015+05:00 DEBUG 28128 --- [homework-assistant-bot] [main] org.hibernate.type.BasicTypeRegistry     : Adding type registration timezone -> org.hibernate.type.BasicTypeReference@249a45fd
2026-02-03T19:55:32.015+05:00 DEBUG 28128 --- [homework-assistant-bot] [main] org.hibernate.type.BasicTypeRegistry     : Adding type registration java.util.TimeZone -> org.hibernate.type.BasicTypeReference@249a45fd
2026-02-03T19:55:32.015+05:00 DEBUG 28128 --- [homework-assistant-bot] [main] org.hibernate.type.BasicTypeRegistry     : Adding type registration ZoneOffset -> org.hibernate.type.BasicTypeReference@268f0ff3
2026-02-03T19:55:32.015+05:00 DEBUG 28128 --- [homework-assistant-bot] [main] org.hibernate.type.BasicTypeRegistry     : Adding type registration java.time.ZoneOffset -> org.hibernate.type.BasicTypeReference@268f0ff3
2026-02-03T19:55:32.015+05:00 DEBUG 28128 --- [homework-assistant-bot] [main] org.hibernate.type.BasicTypeRegistry     : Adding type registration url -> org.hibernate.type.BasicTypeReference@11978f52
2026-02-03T19:55:32.015+05:00 DEBUG 28128 --- [homework-assistant-bot] [main] org.hibernate.type.BasicTypeRegistry     : Adding type registration java.net.URL -> org.hibernate.type.BasicTypeReference@11978f52
2026-02-03T19:55:32.015+05:00 DEBUG 28128 --- [homework-assistant-bot] [main] org.hibernate.type.BasicTypeRegistry     : Adding type registration vector -> org.hibernate.type.BasicTypeReference@3e0855b0
2026-02-03T19:55:32.015+05:00 DEBUG 28128 --- [homework-assistant-bot] [main] org.hibernate.type.BasicTypeRegistry     : Adding type registration float_vector -> org.hibernate.type.BasicTypeReference@484b5a21
2026-02-03T19:55:32.015+05:00 DEBUG 28128 --- [homework-assistant-bot] [main] org.hibernate.type.BasicTypeRegistry     : Adding type registration double_vector -> org.hibernate.type.BasicTypeReference@16e5344c
2026-02-03T19:55:32.015+05:00 DEBUG 28128 --- [homework-assistant-bot] [main] org.hibernate.type.BasicTypeRegistry     : Adding type registration byte_vector -> org.hibernate.type.BasicTypeReference@3ba5c4dd
2026-02-03T19:55:32.015+05:00 DEBUG 28128 --- [homework-assistant-bot] [main] org.hibernate.type.BasicTypeRegistry     : Adding type registration row_version -> org.hibernate.type.BasicTypeReference@47fca3cc
2026-02-03T19:55:32.015+05:00 DEBUG 28128 --- [homework-assistant-bot] [main] org.hibernate.type.BasicTypeRegistry     : Adding type registration object -> org.hibernate.type.JavaObjectType@6fcc0a1
2026-02-03T19:55:32.015+05:00 DEBUG 28128 --- [homework-assistant-bot] [main] org.hibernate.type.BasicTypeRegistry     : Adding type registration java.lang.Object -> org.hibernate.type.JavaObjectType@6fcc0a1
2026-02-03T19:55:32.015+05:00 DEBUG 28128 --- [homework-assistant-bot] [main] org.hibernate.type.BasicTypeRegistry     : Adding type registration null -> org.hibernate.type.NullType@64d93096
2026-02-03T19:55:32.015+05:00 DEBUG 28128 --- [homework-assistant-bot] [main] org.hibernate.type.BasicTypeRegistry     : Adding type registration imm_date -> org.hibernate.type.BasicTypeReference@76ed7573
2026-02-03T19:55:32.015+05:00 DEBUG 28128 --- [homework-assistant-bot] [main] org.hibernate.type.BasicTypeRegistry     : Adding type registration imm_time -> org.hibernate.type.BasicTypeReference@51df2a41
2026-02-03T19:55:32.015+05:00 DEBUG 28128 --- [homework-assistant-bot] [main] org.hibernate.type.BasicTypeRegistry     : Adding type registration imm_timestamp -> org.hibernate.type.BasicTypeReference@517bdce0
2026-02-03T19:55:32.015+05:00 DEBUG 28128 --- [homework-assistant-bot] [main] org.hibernate.type.BasicTypeRegistry     : Adding type registration imm_calendar -> org.hibernate.type.BasicTypeReference@7c0b0bd9
2026-02-03T19:55:32.015+05:00 DEBUG 28128 --- [homework-assistant-bot] [main] org.hibernate.type.BasicTypeRegistry     : Adding type registration imm_calendar_date -> org.hibernate.type.BasicTypeReference@6150afc6
2026-02-03T19:55:32.015+05:00 DEBUG 28128 --- [homework-assistant-bot] [main] org.hibernate.type.BasicTypeRegistry     : Adding type registration imm_calendar_time -> org.hibernate.type.BasicTypeReference@49f50c8f
2026-02-03T19:55:32.015+05:00 DEBUG 28128 --- [homework-assistant-bot] [main] org.hibernate.type.BasicTypeRegistry     : Adding type registration imm_binary -> org.hibernate.type.BasicTypeReference@46e6458d
2026-02-03T19:55:32.015+05:00 DEBUG 28128 --- [homework-assistant-bot] [main] org.hibernate.type.BasicTypeRegistry     : Adding type registration imm_serializable -> org.hibernate.type.BasicTypeReference@6297cb4b
2026-02-03T19:55:32.191+05:00  INFO 28128 --- [homework-assistant-bot] [main] o.s.o.j.p.SpringPersistenceUnitInfo      : No LoadTimeWeaver setup: ignoring JPA class transformer
2026-02-03T19:55:32.232+05:00  WARN 28128 --- [homework-assistant-bot] [main] org.hibernate.orm.deprecation            : HHH90000025: PostgreSQLDialect does not need to be specified explicitly using 'hibernate.dialect' (remove the property setting and it will be selected by default)
2026-02-03T19:55:32.260+05:00  INFO 28128 --- [homework-assistant-bot] [main] org.hibernate.orm.connections.pooling    : HHH10001005: Database info:
	Database JDBC URL [Connecting through datasource 'HikariDataSource (HikariPool-1)']
	Database driver: undefined/unknown
	Database version: 15.13
	Autocommit mode: undefined/unknown
	Isolation level: undefined/unknown
	Minimum pool size: undefined/unknown
	Maximum pool size: undefined/unknown
2026-02-03T19:55:32.263+05:00 DEBUG 28128 --- [homework-assistant-bot] [main] o.h.t.d.sql.spi.DdlTypeRegistry          : addDescriptor(2003, org.hibernate.type.descriptor.sql.internal.ArrayDdlTypeImpl@2e64ae1a) replaced previous registration(org.hibernate.type.descriptor.sql.internal.ArrayDdlTypeImpl@6eadd342)
2026-02-03T19:55:32.263+05:00 DEBUG 28128 --- [homework-assistant-bot] [main] o.h.t.d.sql.spi.DdlTypeRegistry          : addDescriptor(6, org.hibernate.type.descriptor.sql.internal.CapacityDependentDdlType@30a20fb3) replaced previous registration(org.hibernate.type.descriptor.sql.internal.DdlTypeImpl@34f24a11)
2026-02-03T19:55:32.263+05:00 DEBUG 28128 --- [homework-assistant-bot] [main] o.h.t.d.jdbc.spi.JdbcTypeRegistry        : addDescriptor(2004, BlobTypeDescriptor(BLOB_BINDING)) replaced previous registration(BlobTypeDescriptor(DEFAULT))
2026-02-03T19:55:32.263+05:00 DEBUG 28128 --- [homework-assistant-bot] [main] o.h.t.d.jdbc.spi.JdbcTypeRegistry        : addDescriptor(2005, ClobTypeDescriptor(CLOB_BINDING)) replaced previous registration(ClobTypeDescriptor(DEFAULT))
2026-02-03T19:55:32.263+05:00 DEBUG 28128 --- [homework-assistant-bot] [main] org.hibernate.type.BasicTypeRegistry     : Adding type registration JAVA_OBJECT -> org.hibernate.type.JavaObjectType@b548f51
2026-02-03T19:55:32.263+05:00 DEBUG 28128 --- [homework-assistant-bot] [main] org.hibernate.type.BasicTypeRegistry     : Adding type registration java.lang.Object -> org.hibernate.type.JavaObjectType@b548f51
2026-02-03T19:55:32.263+05:00 DEBUG 28128 --- [homework-assistant-bot] [main] org.hibernate.type.BasicTypeRegistry     : Type registration key [java.lang.Object] overrode previous entry : `org.hibernate.type.JavaObjectType@6fcc0a1`
2026-02-03T19:55:32.263+05:00 DEBUG 28128 --- [homework-assistant-bot] [main] org.hibernate.type.BasicTypeRegistry     : Adding type registration org.hibernate.type.DurationType -> basicType@1(java.time.Duration,3015)
2026-02-03T19:55:32.263+05:00 DEBUG 28128 --- [homework-assistant-bot] [main] org.hibernate.type.BasicTypeRegistry     : Adding type registration Duration -> basicType@1(java.time.Duration,3015)
2026-02-03T19:55:32.263+05:00 DEBUG 28128 --- [homework-assistant-bot] [main] org.hibernate.type.BasicTypeRegistry     : Adding type registration java.time.Duration -> basicType@1(java.time.Duration,3015)
2026-02-03T19:55:32.279+05:00 DEBUG 28128 --- [homework-assistant-bot] [main] org.hibernate.type.BasicTypeRegistry     : Adding type registration org.hibernate.type.OffsetDateTimeType -> basicType@2(java.time.OffsetDateTime,3003)
2026-02-03T19:55:32.279+05:00 DEBUG 28128 --- [homework-assistant-bot] [main] org.hibernate.type.BasicTypeRegistry     : Adding type registration OffsetDateTime -> basicType@2(java.time.OffsetDateTime,3003)
2026-02-03T19:55:32.279+05:00 DEBUG 28128 --- [homework-assistant-bot] [main] org.hibernate.type.BasicTypeRegistry     : Adding type registration java.time.OffsetDateTime -> basicType@2(java.time.OffsetDateTime,3003)
2026-02-03T19:55:32.279+05:00 DEBUG 28128 --- [homework-assistant-bot] [main] org.hibernate.type.BasicTypeRegistry     : Adding type registration org.hibernate.type.ZonedDateTimeType -> basicType@3(java.time.ZonedDateTime,3003)
2026-02-03T19:55:32.279+05:00 DEBUG 28128 --- [homework-assistant-bot] [main] org.hibernate.type.BasicTypeRegistry     : Adding type registration ZonedDateTime -> basicType@3(java.time.ZonedDateTime,3003)
2026-02-03T19:55:32.279+05:00 DEBUG 28128 --- [homework-assistant-bot] [main] org.hibernate.type.BasicTypeRegistry     : Adding type registration java.time.ZonedDateTime -> basicType@3(java.time.ZonedDateTime,3003)
2026-02-03T19:55:32.279+05:00 DEBUG 28128 --- [homework-assistant-bot] [main] org.hibernate.type.BasicTypeRegistry     : Adding type registration org.hibernate.type.OffsetTimeType -> basicType@4(java.time.OffsetTime,3007)
2026-02-03T19:55:32.279+05:00 DEBUG 28128 --- [homework-assistant-bot] [main] org.hibernate.type.BasicTypeRegistry     : Adding type registration OffsetTime -> basicType@4(java.time.OffsetTime,3007)
2026-02-03T19:55:32.279+05:00 DEBUG 28128 --- [homework-assistant-bot] [main] org.hibernate.type.BasicTypeRegistry     : Adding type registration java.time.OffsetTime -> basicType@4(java.time.OffsetTime,3007)
2026-02-03T19:55:32.279+05:00 DEBUG 28128 --- [homework-assistant-bot] [main] o.h.type.spi.TypeConfiguration$Scope     : Scoping TypeConfiguration [org.hibernate.type.spi.TypeConfiguration@48b9773b] to MetadataBuildingContext [org.hibernate.boot.internal.MetadataBuildingContextRootImpl@43ca96a0]
2026-02-03T19:55:33.432+05:00  INFO 28128 --- [homework-assistant-bot] [main] o.h.e.t.j.p.i.JtaPlatformInitiator       : HHH000489: No JTA platform available (set 'hibernate.transaction.jta.platform' to enable JTA platform integration)
2026-02-03T19:55:33.432+05:00 DEBUG 28128 --- [homework-assistant-bot] [main] o.h.type.spi.TypeConfiguration$Scope     : Scoping TypeConfiguration [org.hibernate.type.spi.TypeConfiguration@48b9773b] to SessionFactoryImplementor [org.hibernate.internal.SessionFactoryImpl@59e24c62]
2026-02-03T19:55:33.511+05:00 TRACE 28128 --- [homework-assistant-bot] [main] o.h.type.spi.TypeConfiguration$Scope     : Handling #sessionFactoryCreated from [org.hibernate.internal.SessionFactoryImpl@59e24c62] for TypeConfiguration
2026-02-03T19:55:33.511+05:00  INFO 28128 --- [homework-assistant-bot] [main] j.LocalContainerEntityManagerFactoryBean : Initialized JPA EntityManagerFactory for persistence unit 'default'
2026-02-03T19:55:33.851+05:00  INFO 28128 --- [homework-assistant-bot] [main] o.s.d.j.r.query.QueryEnhancerFactory     : Hibernate is in classpath; If applicable, HQL parser will be used.
2026-02-03T19:55:34.601+05:00  WARN 28128 --- [homework-assistant-bot] [main] ConfigServletWebServerApplicationContext : Exception encountered during context initialization - cancelling refresh attempt: org.springframework.beans.factory.UnsatisfiedDependencyException: Error creating bean with name 'notificationService' defined in file [C:\Users\agent\IdeaProjects\assistant-bot\bot\target\classes\ru\assistant\bot\service\NotificationService.class]: Unsatisfied dependency expressed through constructor parameter 1: Error creating bean with name 'telegramNotificationSender' defined in file [C:\Users\agent\IdeaProjects\assistant-bot\bot\target\classes\ru\assistant\bot\telegram\TelegramNotificationSender.class]: Unsatisfied dependency expressed through constructor parameter 0: Error creating bean with name 'homeworkBot' defined in class path resource [ru/assistant/bot/telegram/BotInitializer.class]: Unsatisfied dependency expressed through method 'homeworkBot' parameter 0: Error creating bean with name 'telegramUpdateHandler' defined in file [C:\Users\agent\IdeaProjects\assistant-bot\bot\target\classes\ru\assistant\bot\telegram\TelegramUpdateHandler.class]: Unsatisfied dependency expressed through constructor parameter 1: Error creating bean with name 'callbackQueryHandler' defined in file [C:\Users\agent\IdeaProjects\assistant-bot\bot\target\classes\ru\assistant\bot\telegram\CallbackQueryHandler.class]: Unsatisfied dependency expressed through constructor parameter 2: Error creating bean with name 'submissionService' defined in file [C:\Users\agent\IdeaProjects\assistant-bot\bot\target\classes\ru\assistant\bot\service\SubmissionService.class]: Unsatisfied dependency expressed through constructor parameter 3: Error creating bean with name 'notificationService': Requested bean is currently in creation: Is there an unresolvable circular reference or an asynchronous initialization dependency?
2026-02-03T19:55:34.601+05:00  INFO 28128 --- [homework-assistant-bot] [main] j.LocalContainerEntityManagerFactoryBean : Closing JPA EntityManagerFactory for persistence unit 'default'
2026-02-03T19:55:34.601+05:00 TRACE 28128 --- [homework-assistant-bot] [main] o.h.type.spi.TypeConfiguration$Scope     : Handling #sessionFactoryClosed from [org.hibernate.internal.SessionFactoryImpl@59e24c62] for TypeConfiguration
2026-02-03T19:55:34.601+05:00 DEBUG 28128 --- [homework-assistant-bot] [main] o.h.type.spi.TypeConfiguration$Scope     : Un-scoping TypeConfiguration [org.hibernate.type.spi.TypeConfiguration$Scope@2e826bd1] from SessionFactory [org.hibernate.internal.SessionFactoryImpl@59e24c62]
2026-02-03T19:55:34.609+05:00  INFO 28128 --- [homework-assistant-bot] [main] com.zaxxer.hikari.HikariDataSource       : HikariPool-1 - Shutdown initiated...
2026-02-03T19:55:34.617+05:00  INFO 28128 --- [homework-assistant-bot] [main] com.zaxxer.hikari.HikariDataSource       : HikariPool-1 - Shutdown completed.
2026-02-03T19:55:34.623+05:00  INFO 28128 --- [homework-assistant-bot] [main] o.apache.catalina.core.StandardService   : Stopping service [Tomcat]
2026-02-03T19:55:34.632+05:00  INFO 28128 --- [homework-assistant-bot] [main] .s.b.a.l.ConditionEvaluationReportLogger : 

Error starting ApplicationContext. To display the condition evaluation report re-run your application with 'debug' enabled.
2026-02-03T19:55:34.665+05:00 ERROR 28128 --- [homework-assistant-bot] [main] o.s.b.d.LoggingFailureAnalysisReporter   : 

***************************
APPLICATION FAILED TO START
***************************

Description:

The dependencies of some of the beans in the application context form a cycle:

┌─────┐
|  notificationService defined in file [C:\Users\agent\IdeaProjects\assistant-bot\bot\target\classes\ru\assistant\bot\service\NotificationService.class]
↑     ↓
|  telegramNotificationSender defined in file [C:\Users\agent\IdeaProjects\assistant-bot\bot\target\classes\ru\assistant\bot\telegram\TelegramNotificationSender.class]
↑     ↓
|  homeworkBot defined in class path resource [ru/assistant/bot/telegram/BotInitializer.class]
↑     ↓
|  telegramUpdateHandler defined in file [C:\Users\agent\IdeaProjects\assistant-bot\bot\target\classes\ru\assistant\bot\telegram\TelegramUpdateHandler.class]
↑     ↓
|  callbackQueryHandler defined in file [C:\Users\agent\IdeaProjects\assistant-bot\bot\target\classes\ru\assistant\bot\telegram\CallbackQueryHandler.class]
↑     ↓
|  submissionService defined in file [C:\Users\agent\IdeaProjects\assistant-bot\bot\target\classes\ru\assistant\bot\service\SubmissionService.class]
└─────┘


Action:

Relying upon circular references is discouraged and they are prohibited by default. Update your application to remove the dependency cycle between beans. As a last resort, it may be possible to break the cycle automatically by setting spring.main.allow-circular-references to true.

